# JRE version: OpenJDK Runtime Environment Temurin-17.0.11+9 (17.0.11+9) (build 17.0.11+9)
# Java VM: OpenJDK 64-Bit Server VM Temurin-17.0.11+9 (17.0.11+9, mixed mode, emulated-client, tiered, compressed oops, compressed class ptrs, g1 gc, windows-amd64)
GC Precious Log:
 CPUs: 8 total, 8 available
 Memory: 7979M
 Large Page Support: Disabled
 NUMA Support: Disabled
 Compressed Oops: Enabled (32-bit)
 Heap Region Size: 1M
 Heap Min Capacity: 8M
 Heap Initial Capacity: 126M
 Heap Max Capacity: 1G
 Pre-touch: Disabled
 Parallel Workers: 8
 Concurrent Workers: 2
 Concurrent Refinement Workers: 8
 Periodic GC: Disabled
Heap:
 garbage-first heap   total 116736K, used 38619K [0x00000000c0000000, 0x0000000100000000)
  region size 1024K, 1 young (1024K), 0 survivors (0K)
 Metaspace       used 62201K, committed 62720K, reserved 1114112K
  class space    used 7593K, committed 7808K, reserved 1048576K
GC Heap History (20 events):
Event: 10977.760 GC heap before
{Heap before GC invocations=829 (full 626):
 garbage-first heap   total 116736K, used 99566K [0x00000000c0000000, 0x0000000100000000)
  region size 1024K, 59 young (60416K), 0 survivors (0K)
 Metaspace       used 62221K, committed 62720K, reserved 1114112K
  class space    used 7597K, committed 7808K, reserved 1048576K
}
Event: 10977.763 GC heap after
{Heap after GC invocations=830 (full 626):
 garbage-first heap   total 116736K, used 41088K [0x00000000c0000000, 0x0000000100000000)
  region size 1024K, 2 young (2048K), 2 survivors (2048K)
 Metaspace       used 62221K, committed 62720K, reserved 1114112K
  class space    used 7597K, committed 7808K, reserved 1048576K
}
Event: 11115.409 GC heap before
{Heap before GC invocations=830 (full 626):
 garbage-first heap   total 116736K, used 86144K [0x00000000c0000000, 0x0000000100000000)
  region size 1024K, 47 young (48128K), 2 survivors (2048K)
 Metaspace       used 62221K, committed 62720K, reserved 1114112K
  class space    used 7597K, committed 7808K, reserved 1048576K
}
Event: 11115.438 GC heap after
{Heap after GC invocations=831 (full 627):
 garbage-first heap   total 116736K, used 39035K [0x00000000c0000000, 0x0000000100000000)
  region size 1024K, 0 young (0K), 0 survivors (0K)
 Metaspace       used 62221K, committed 62720K, reserved 1114112K
  class space    used 7597K, committed 7808K, reserved 1048576K
}
Event: 11125.528 GC heap before
{Heap before GC invocations=831 (full 627):
 garbage-first heap   total 116736K, used 39035K [0x00000000c0000000, 0x0000000100000000)
  region size 1024K, 1 young (1024K), 0 survivors (0K)
 Metaspace       used 62221K, committed 62720K, reserved 1114112K
  class space    used 7597K, committed 7808K, reserved 1048576K
}
Event: 11125.556 GC heap after
{Heap after GC invocations=832 (full 628):
 garbage-first heap   total 116736K, used 38632K [0x00000000c0000000, 0x0000000100000000)
  region size 1024K, 0 young (0K), 0 survivors (0K)
 Metaspace       used 62201K, committed 62720K, reserved 1114112K
  class space    used 7593K, committed 7808K, reserved 1048576K
}
Event: 11175.697 GC heap before
{Heap before GC invocations=832 (full 628):
 garbage-first heap   total 116736K, used 69352K [0x00000000c0000000, 0x0000000100000000)
  region size 1024K, 32 young (32768K), 0 survivors (0K)
 Metaspace       used 62201K, committed 62720K, reserved 1114112K
  class space    used 7593K, committed 7808K, reserved 1048576K
}
Event: 11175.728 GC heap after
{Heap after GC invocations=833 (full 629):
 garbage-first heap   total 116736K, used 38885K [0x00000000c0000000, 0x0000000100000000)
  region size 1024K, 0 young (0K), 0 survivors (0K)
 Metaspace       used 62201K, committed 62720K, reserved 1114112K
  class space    used 7593K, committed 7808K, reserved 1048576K
}
Event: 11185.817 GC heap before
{Heap before GC invocations=833 (full 629):
 garbage-first heap   total 116736K, used 38885K [0x00000000c0000000, 0x0000000100000000)
  region size 1024K, 1 young (1024K), 0 survivors (0K)
 Metaspace       used 62201K, committed 62720K, reserved 1114112K
  class space    used 7593K, committed 7808K, reserved 1048576K
}
Event: 11185.845 GC heap after
{Heap after GC invocations=834 (full 630):
 garbage-first heap   total 116736K, used 38885K [0x00000000c0000000, 0x0000000100000000)
  region size 1024K, 0 young (0K), 0 survivors (0K)
 Metaspace       used 62201K, committed 62720K, reserved 1114112K
  class space    used 7593K, committed 7808K, reserved 1048576K
}
Event: 11195.955 GC heap before
{Heap before GC invocations=834 (full 630):
 garbage-first heap   total 116736K, used 38885K [0x00000000c0000000, 0x0000000100000000)
  region size 1024K, 1 young (1024K), 0 survivors (0K)
 Metaspace       used 62201K, committed 62720K, reserved 1114112K
  class space    used 7593K, committed 7808K, reserved 1048576K
}
Event: 11195.983 GC heap after
{Heap after GC invocations=835 (full 631):
 garbage-first heap   total 116736K, used 38816K [0x00000000c0000000, 0x0000000100000000)
  region size 1024K, 0 young (0K), 0 survivors (0K)
 Metaspace       used 62201K, committed 62720K, reserved 1114112K
  class space    used 7593K, committed 7808K, reserved 1048576K
}
Event: 11206.090 GC heap before
{Heap before GC invocations=835 (full 631):
 garbage-first heap   total 116736K, used 38816K [0x00000000c0000000, 0x0000000100000000)
  region size 1024K, 1 young (1024K), 0 survivors (0K)
 Metaspace       used 62201K, committed 62720K, reserved 1114112K
  class space    used 7593K, committed 7808K, reserved 1048576K
}
Event: 11206.121 GC heap after
{Heap after GC invocations=836 (full 632):
 garbage-first heap   total 116736K, used 38749K [0x00000000c0000000, 0x0000000100000000)
  region size 1024K, 0 young (0K), 0 survivors (0K)
 Metaspace       used 62201K, committed 62720K, reserved 1114112K
  class space    used 7593K, committed 7808K, reserved 1048576K
}
Event: 11216.210 GC heap before
{Heap before GC invocations=836 (full 632):
 garbage-first heap   total 116736K, used 38749K [0x00000000c0000000, 0x0000000100000000)
  region size 1024K, 1 young (1024K), 0 survivors (0K)
 Metaspace       used 62201K, committed 62720K, reserved 1114112K
  class space    used 7593K, committed 7808K, reserved 1048576K
}
Event: 11216.239 GC heap after
{Heap after GC invocations=837 (full 633):
 garbage-first heap   total 116736K, used 38619K [0x00000000c0000000, 0x0000000100000000)
  region size 1024K, 0 young (0K), 0 survivors (0K)
 Metaspace       used 62201K, committed 62720K, reserved 1114112K
  class space    used 7593K, committed 7808K, reserved 1048576K
}
Event: 11226.421 GC heap before
{Heap before GC invocations=837 (full 633):
 garbage-first heap   total 116736K, used 38619K [0x00000000c0000000, 0x0000000100000000)
  region size 1024K, 1 young (1024K), 0 survivors (0K)
 Metaspace       used 62201K, committed 62720K, reserved 1114112K
  class space    used 7593K, committed 7808K, reserved 1048576K
}
Event: 11226.465 GC heap after
{Heap after GC invocations=838 (full 634):
 garbage-first heap   total 116736K, used 38619K [0x00000000c0000000, 0x0000000100000000)
  region size 1024K, 0 young (0K), 0 survivors (0K)
 Metaspace       used 62201K, committed 62720K, reserved 1114112K
  class space    used 7593K, committed 7808K, reserved 1048576K
}
Event: 11236.576 GC heap before
{Heap before GC invocations=838 (full 634):
 garbage-first heap   total 116736K, used 38619K [0x00000000c0000000, 0x0000000100000000)
  region size 1024K, 1 young (1024K), 0 survivors (0K)
 Metaspace       used 62201K, committed 62720K, reserved 1114112K
  class space    used 7593K, committed 7808K, reserved 1048576K
}
Event: 11236.606 GC heap after
{Heap after GC invocations=839 (full 635):
 garbage-first heap   total 116736K, used 38619K [0x00000000c0000000, 0x0000000100000000)
  region size 1024K, 0 young (0K), 0 survivors (0K)
 Metaspace       used 62201K, committed 62720K, reserved 1114112K
  class space    used 7593K, committed 7808K, reserved 1048576K
}

